[15:31:56] [main/INFO]: Loading Minecraft 1.20.1 with Fabric Loader 0.16.3
[15:31:56] [main/INFO]: Loading 4 mods:
	- fabricloader 0.16.3
	   \-- mixinextras 0.4.1
	- java 17
	- minecraft 1.20.1
[15:31:56] [main/INFO]: SpongePowered MIXIN Subsystem Version=0.8.7 Source=file:/workspaces/Naujdem/servidor_minecraft/libraries/net/fabricmc/sponge-mixin/0.15.2+mixin.0.8.7/sponge-mixin-0.15.2+mixin.0.8.7.jar Service=Knot/Fabric Env=SERVER
[15:32:01] [main/INFO]: Environment: authHost='https://authserver.mojang.com', accountsHost='https://api.mojang.com', sessionHost='https://sessionserver.mojang.com', servicesHost='https://api.minecraftservices.com', name='PROD'
[15:32:03] [main/INFO]: Loaded 7 recipes
[15:32:03] [main/INFO]: Loaded 1271 advancements
[15:32:04] [Server thread/INFO]: Starting minecraft server version 1.20.1
[15:32:04] [Server thread/INFO]: Loading properties
[15:32:04] [Server thread/INFO]: Default game type: SURVIVAL
[15:32:04] [Server thread/INFO]: Generating keypair
[15:32:04] [Server thread/INFO]: Starting Minecraft server on *:25565
[15:32:04] [Server thread/INFO]: Using epoll channel type
[15:32:04] [Server thread/WARN]: **** SERVER IS RUNNING IN OFFLINE/INSECURE MODE!
[15:32:04] [Server thread/WARN]: The server will make no attempt to authenticate usernames. Beware.
[15:32:04] [Server thread/WARN]: While this makes the game possible to play without internet access, it also opens up the ability for hackers to connect with any username they choose.
[15:32:04] [Server thread/WARN]: To change this, set "online-mode" to "true" in the server.properties file.
[15:32:04] [Server thread/INFO]: Preparing level "world"
[15:32:11] [Server thread/INFO]: Preparing start region for dimension minecraft:overworld
[15:32:12] [Worker-Main-2/INFO]: Preparing spawn area: 0%
[15:32:12] [Worker-Main-1/INFO]: Preparing spawn area: 0%
[15:32:12] [Worker-Main-3/INFO]: Preparing spawn area: 0%
[15:32:12] [Worker-Main-1/INFO]: Preparing spawn area: 0%
[15:32:13] [Worker-Main-1/INFO]: Preparing spawn area: 0%
[15:32:13] [Worker-Main-1/INFO]: Preparing spawn area: 0%
[15:32:14] [Worker-Main-2/INFO]: Preparing spawn area: 0%
[15:32:14] [Worker-Main-2/INFO]: Preparing spawn area: 1%
[15:32:15] [Worker-Main-3/INFO]: Preparing spawn area: 1%
[15:32:15] [Worker-Main-3/INFO]: Preparing spawn area: 2%
[15:32:16] [Worker-Main-1/INFO]: Preparing spawn area: 3%
[15:32:16] [Worker-Main-2/INFO]: Preparing spawn area: 4%
[15:32:17] [Worker-Main-2/INFO]: Preparing spawn area: 4%
[15:32:17] [Worker-Main-1/INFO]: Preparing spawn area: 6%
[15:32:18] [Worker-Main-2/INFO]: Preparing spawn area: 7%
[15:32:18] [Worker-Main-1/INFO]: Preparing spawn area: 9%
[15:32:19] [Worker-Main-2/INFO]: Preparing spawn area: 10%
[15:32:19] [Worker-Main-1/INFO]: Preparing spawn area: 11%
[15:32:20] [Worker-Main-2/INFO]: Preparing spawn area: 13%
[15:32:20] [Worker-Main-3/INFO]: Preparing spawn area: 14%
[15:32:21] [Worker-Main-1/INFO]: Preparing spawn area: 16%
[15:32:21] [Worker-Main-1/INFO]: Preparing spawn area: 18%
[15:32:22] [Worker-Main-1/INFO]: Preparing spawn area: 19%
[15:32:22] [Worker-Main-2/INFO]: Preparing spawn area: 21%
[15:32:23] [Worker-Main-1/INFO]: Preparing spawn area: 23%
[15:32:23] [Worker-Main-3/INFO]: Preparing spawn area: 25%
[15:32:24] [Worker-Main-3/INFO]: Preparing spawn area: 26%
[15:32:24] [Worker-Main-3/INFO]: Preparing spawn area: 29%
[15:32:25] [Worker-Main-1/INFO]: Preparing spawn area: 31%
[15:32:25] [Worker-Main-3/INFO]: Preparing spawn area: 32%
[15:32:26] [Worker-Main-2/INFO]: Preparing spawn area: 35%
[15:32:26] [Worker-Main-1/INFO]: Preparing spawn area: 36%
[15:32:27] [Worker-Main-2/INFO]: Preparing spawn area: 40%
[15:32:27] [Worker-Main-2/INFO]: Preparing spawn area: 43%
[15:32:28] [Worker-Main-2/INFO]: Preparing spawn area: 45%
[15:32:28] [Worker-Main-2/INFO]: Preparing spawn area: 47%
[15:32:29] [Worker-Main-1/INFO]: Preparing spawn area: 51%
[15:32:29] [Worker-Main-1/INFO]: Preparing spawn area: 54%
[15:32:30] [Worker-Main-3/INFO]: Preparing spawn area: 56%
[15:32:30] [Worker-Main-1/INFO]: Preparing spawn area: 59%
[15:32:31] [Worker-Main-2/INFO]: Preparing spawn area: 62%
[15:32:31] [Worker-Main-2/INFO]: Preparing spawn area: 65%
[15:32:32] [Worker-Main-1/INFO]: Preparing spawn area: 68%
[15:32:32] [Worker-Main-3/INFO]: Preparing spawn area: 69%
[15:32:33] [Worker-Main-3/INFO]: Preparing spawn area: 73%
[15:32:33] [Worker-Main-1/INFO]: Preparing spawn area: 77%
[15:32:34] [Worker-Main-3/INFO]: Preparing spawn area: 80%
[15:32:34] [Worker-Main-3/INFO]: Preparing spawn area: 83%
[15:32:35] [Worker-Main-3/INFO]: Preparing spawn area: 84%
[15:32:35] [Worker-Main-2/INFO]: Preparing spawn area: 86%
[15:32:36] [Worker-Main-2/INFO]: Preparing spawn area: 91%
[15:32:36] [Worker-Main-3/INFO]: Preparing spawn area: 95%
[15:32:37] [Worker-Main-1/INFO]: Preparing spawn area: 98%
[15:32:37] [Server thread/INFO]: Time elapsed: 26220 ms
[15:32:37] [Server thread/INFO]: Done (32.759s)! For help, type "help"
[15:32:37] [Server thread/INFO]: Unknown or incomplete command, see below for error
[15:32:37] [Server thread/INFO]: home/codespace/.python/current/bin/python /workspaces/Naujdem/msx.py<--[HERE]
[15:35:32] [Server thread/INFO]: JuanMed[/127.34.13.21:50235] logged in with entity id 151 at (8.5, 129.0, -6.5)
[15:35:32] [Server thread/INFO]: JuanMed joined the game
[15:35:54] [Server thread/INFO]: JuanMed lost connection: Disconnected
[15:35:54] [Server thread/INFO]: JuanMed left the game
